SEND*********************************************************************************
Time:            08:31:19
IP:              62.80.169.66
Method:          POST
REQUEST:         api/lwl/app.php
REFERER:         
SCRIPT_FILENAME: /opt/mwallet/vkdit/mobipay.ua/sites/sit.api.mwallet/api/lwl/app.php
Code:            1
Desc:            {"version":1003,"imei":"f3a94495090a11fd","mktime":"148541227912597","cmd":"mobile.codes","json":{"list":[{"iso":"UA","country":"Ukraine","mcode":"+380","mask":"+38 (xxx) xxx xx xx"},{"iso":"AF","country":"Afghanistan","mcode":"+93","mask":"+93 xx xxx xxxx"},{"iso":"AL","country":"Albania","mcode":"+355","mask":"+355 xx xxx xxxx"},{"iso":"DZ","country":"Algeria","mcode":"+213","mask":"+213 xxx xx xx xx"},{"iso":"AS","country":"American Samoa","mcode":"+1684","mask":"+1 684-xxx-xxxx"},{"iso":"AD","country":"Andorra","mcode":"+376","mask":"+376 xxx xxx"},{"iso":"AO","country":"Angola","mcode":"+244","mask":"+244 xxx xxx xxx"},{"iso":"AI","country":"Anguilla","mcode":"+1264","mask":"+1 264-xxx-xxxx"},{"iso":"AQ","country":"Antarctica","mcode":"+672","mask":null},{"iso":"AG","country":"Antigua And Barbuda","mcode":"+1268","mask":"+1 268-xxx-xxx"},{"iso":"AE","country":"Arab Emirates","mcode":"+971","mask":"+971 xxxxxxx"},{"iso":"AR","country":"Argentina","mcode":"+54","mask":"+54 x xx xxxx-xxxx"},{"iso":"AM","country":"Armenia","mcode":"+374","mask":"+374 xx xxxxxx"},{"iso":"AW","country":"Aruba","mcode":"+297","mask":"+297 xxx xxxx"},{"iso":"AU","country":"Australia","mcode":"+61","mask":"+61 xxx xxx xxx"},{"iso":"AT","country":"Austria","mcode":"+43","mask":"+43 xxx xxxxxx"},{"iso":"AZ","country":"Azerbaijan","mcode":"+994","mask":"+994 xx xxx xx xx"},{"iso":"BS","country":"Bahamas","mcode":"+1242","mask":"+1 242-xxx-xxxx"},{"iso":"BH","country":"Bahrain","mcode":"+973","mask":"+973 xxxx xxxx"},{"iso":"BD","country":"Bangladesh","mcode":"+880","mask":"+880 xxxx xxxxxx"},{"iso":"BB","country":"Barbados","mcode":"+1246","mask":"+1 246-xxx-xxxx"},{"iso":"BY","country":"Belarus","mcode":"+375","mask":"+375 xx xxx xxxx"},{"iso":"BE","country":"Belgium","mcode":"+32","mask":"+32 xxx xx xx xx"},{"iso":"BZ","country":"Belize","mcode":"+501","mask":"+501 xxx-xxxx"},{"iso":"BJ","country":"Benin","mcode":"+229","mask":"+229 xx xx xx xx"},{"iso":"BM","country":"Bermuda","mcode":"+1441","mask":"+1 441-xxx-xxxx"},{"iso":"BT","country":"Bhutan","mcode":"+975","mask":"+975 xx xx xx xx"},{"iso":"BO","country":"Bolivia","mcode":"+591","mask":"+591 xxxxxxxx"},{"iso":"BQ","country":"Bonaire, Sint Eustatius And Saba","mcode":"+599","mask":"+599 xxx xxxx"},{"iso":"BA","country":"Bosnia And Herzegovina","mcode":"+387","mask":"+387 xx xxx xxx"},{"iso":"BW","country":"Botswana","mcode":"+267","mask":"+267 xx xxx xxx"},{"iso":"BR","country":"Brazil","mcode":"+55","mask":"+55 xx xxxxx-xxxx"},{"iso":"IO","country":"British Indian Ocean Territory","mcode":"+246","mask":"+246 xxx xxxx"},{"iso":"VG","country":"British Virgin Islands","mcode":"+1284","mask":"+1 284-xxx-xxxx"},{"iso":"BN","country":"Brunei Darussalam","mcode":"+673","mask":"+673 xxx xxxx"},{"iso":"BG","country":"Bulgaria","mcode":"+359","mask":"+359 xx xxx xxx"},{"iso":"BF","country":"Burkina Faso","mcode":"+226","mask":"+226 xx xx xx xx"},{"iso":"BI","country":"Burundi","mcode":"+257","mask":"+257 xx xx xx xx"},{"iso":"KH","country":"Cambodia","mcode":"+855","mask":"+855 xx xxx xxx"},{"iso":"CM","country":"Cameroon","mcode":"+237","mask":"+237 xx xx xx xx"},{"iso":"CA","country":"Canada","mcode":"+1","mask":"+1 xxx-xxx-xxxx"},{"iso":"CV","country":"Cape Verde","mcode":"+238","mask":"+238 xxx xx xx"},{"iso":"KY","country":"Cayman Islands","mcode":"+1","mask":"+1 xxx-xxx-xxxx"},{"iso":"CF","country":"Central African Republic","mcode":"+236","mask":"+236 xx xx xx xx"},{"iso":"CL","country":"Chile","mcode":"+56","mask":"+56 x xxxx xxxx"},{"iso":"CN","country":"China","mcode":"+86","mask":"+86 xxx xxxx xxxx"},{"iso":"CX","country":"Christmas Island","mcode":"+61","mask":"+61 xxx xxx xxx"},{"iso":"CC","country":"Cocos (Keeling) Islands","mcode":"+61","mask":"+61 xxx xxx xxx"},{"iso":"CO","country":"Colombia","mcode":"+57","mask":"+57 xxx xxxxxxx"},{"iso":"KM","country":"Comoros","mcode":"+269","mask":"+269 xxx xx xx"},{"iso":"CD","country":"Congo [DRC]","mcode":"+243","mask":"+243 xxx xxx xxx"},{"iso":"CG","country":"Congo [Republic]","mcode":"+242","mask":"+242 xx xxx xxxx"},{"iso":"CK","country":"Cook Islands","mcode":"+682","mask":"+682 xx xxx"},{"iso":"CR","country":"Costa Rica","mcode":"+506","mask":"+506 xxxx xxxx"},{"iso":"CI","country":"Côte D'Ivoire","mcode":"+225","mask":"+225 xx xx xx xx"},{"iso":"HR","country":"Croatia","mcode":"+385","mask":"+385 xx xxx xxxx"},{"iso":"CU","country":"Cuba","mcode":"+53","mask":"+53 x xxxxxxx"},{"iso":"CW","country":"Curaçao","mcode":"+599","mask":"+599 x xxx xxxx"},{"iso":"CY","country":"Cyprus","mcode":"+357","mask":"+357 xx xxxxxx"},{"iso":"CZ","country":"Czech Republic","mcode":"+42","mask":"+42 (0xx) xxx xx xx"},{"iso":"DK","country":"Denmark","mcode":"+45","mask":"+45 xx xx xx xx"},{"iso":"DJ","country":"Djibouti","mcode":"+253","mask":"+253 xx xx xx xx"},{"iso":"DO","country":"Dominican Republic","mcode":"+1809","mask":null},{"iso":"EE","country":"Estonia","mcode":"+372","mask":"+372 xxxx xxxx"},{"iso":"FI","country":"Finland","mcode":"+358","mask":null},{"iso":"FR","country":"France","mcode":"+33","mask":"+33 (xxx) xxx xx xx"},{"iso":"GF","country":"French Guiana","mcode":"+594","mask":"+594 xxx xx xx xx"},{"iso":"PF","country":"French Polynesia","mcode":"+689","mask":null},{"iso":"GA","country":"Gabon","mcode":"+241","mask":null},{"iso":"GM","country":"Gambia","mcode":"+220","mask":null},{"iso":"DE","country":"Germany","mcode":"+49","mask":"+49 (xxx) xxx xx xx"},{"iso":"GI","country":"Gibraltar","mcode":"+350","mask":null},{"iso":"GB","country":"Great Britain (United Kingdom)","mcode":"+44","mask":"+44-xxxx-xxx-xxx"},{"iso":"GD","country":"Grenada","mcode":"+1473","mask":null},{"iso":"GP","country":"Guadeloupe","mcode":"+590","mask":null},{"iso":"GU","country":"Guam","mcode":"+1671","mask":null},{"iso":"GN","country":"Guinea","mcode":"+224","mask":null},{"iso":"GW","country":"Guinea-bissau","mcode":"+245","mask":null},{"iso":"HK","country":"Hong Kong (special Administrative Region Of China)","mcode":"+852","mask":null},{"iso":"IN","country":"India","mcode":"+91","mask":"+91 xx xx xxxxxx"},{"iso":"ID","country":"Indonesia","mcode":"+62","mask":null},{"iso":"IR","country":"Iran","mcode":"+98","mask":"+98 xxx xxx xxxx"},{"iso":"IQ","country":"Iraq","mcode":"+964","mask":"+964 xxx xxx xxxx"},{"iso":"IL","country":"Israel","mcode":"+972","mask":"+972 xx-xxx-xxxx"},{"iso":"IT","country":"Italy","mcode":"+39","mask":"+39 (xxx) xxx xx xx"},{"iso":"JM","country":"Jamaica","mcode":"+1876","mask":null},{"iso":"JP","country":"Japan","mcode":"+81","mask":"+81 xx-xxxx-xxxx"},{"iso":"KZ","country":"Kazakhstan","mcode":"+7","mask":"+7 (7xx) xxx xx xx"},{"iso":"KE","country":"Kenya","mcode":"+254","mask":"+254 xxx xx xx xx"},{"iso":"KG","country":"Kyrgyzstan","mcode":"+996","mask":"+996 xx xxx xx xx"},{"iso":"LV","country":"Latvia","mcode":"+371","mask":null},{"iso":"LR","country":"Liberia","mcode":"+231","mask":null},{"iso":"LT","country":"Lithuania","mcode":"+370","mask":null},{"iso":"MY","country":"Malaysia","mcode":"+60","mask":null},{"iso":"ML","country":"Mali","mcode":"+223","mask":null},{"iso":"MX","country":"Mexico","mcode":"+52","mask":"+52 x xx xxxx xxxx"},{"iso":"MD","country":"Moldova","mcode":"+373","mask":null},{"iso":"NA","country":"Namibia","mcode":"+264","mask":"+264 xxxxxxxxx"},{"iso":"PL","country":"Poland","mcode":"+48","mask":"+48 xxx xx-xx-xx"},{"iso":"RO","country":"Romania","mcode":"+40","mask":"+40 (xxx) xxx xx xx"},{"iso":"RU","country":"Russian Federation","mcode":"+79","mask":"+7 (xxx) xxx xx xx"},{"iso":"RW","country":"Rwanda","mcode":"+250","mask":"+250 (xxx) xxx-xxx"},{"iso":"SA","country":"Saudi Arabia (kingdom Of Saudi Arabia)","mcode":"+966","mask":"+966-5-xxxx-xxxx"},{"iso":"SG","country":"Singapore","mcode":"+65","mask":"+65 xxxx xxxx"},{"iso":"SK","country":"Slovakia","mcode":"+421","mask":"+421 (xx) xxx xx xx"},{"iso":"ES","country":"Spain","mcode":"+34","mask":"+34 (xxx) xxx xx xx"},{"iso":"TJ","country":"Tajikistan","mcode":"+992","mask":"+992 xxx xx xxxx"},{"iso":"TH","country":"Thailand","mcode":"+66","mask":"+66 (xx) xxx xx xx"},{"iso":"US","country":"United States","mcode":"+1","mask":"+1 xxx-xxx-xxxx"},{"iso":"UZ","country":"Uzbekistan","mcode":"+998","mask":null},{"iso":"VU","country":"Vanuatu","mcode":"+678","mask":null},{"iso":"YE","country":"Yemen","mcode":"+967","mask":"+967 xxx xxx xxx"},{"iso":"ZM","country":"Zambia","mcode":"+260","mask":"+260 xx xxxxxxx"},{"iso":"ZW","country":"Zimbabwe","mcode":"+263","mask":"+263 x xxxxxxxx"}]},"hash":"fbfacb5205a28b8598d190f0fb47bc94"}
GET: 
[]

POST: 
[]

INPUT POST: 
{"cmd":"mobile.codes","json":{},"version":"1003","imei":"f3a94495090a11fd","mktime":1485412348040,"lang":"ru","os":"android","wl":"mobipay","vermob":"2.0.0.2522","hash":"b5f94ae9a837f34474bdb637f32f5051"}

VARR: 
{"cmd":"mobile.codes","json":{"session":""},"version":"1003","imei":"f3a94495090a11fd","mktime":1485412348040,"lang":"ru","os":"android","wl":"mobipay","vermob":"2.0.0.2522","hash":"b5f94ae9a837f34474bdb637f32f5051"}
*************************************************************************************

SEND*********************************************************************************
Time:            08:31:23
IP:              62.80.169.66
Method:          POST
REQUEST:         api/lwl/app.php
REFERER:         
SCRIPT_FILENAME: /opt/mwallet/vkdit/mobipay.ua/sites/sit.api.mwallet/api/lwl/app.php
Code:            1
Desc:            {"version":1003,"imei":"f3a94495090a11fd","mktime":"148541228398708","cmd":"start.app","json":{"account_id":"111111111","session":"1015f762cc3f35332e70b76ddfbb6e07","mobile":"380980818305","email":"kurshinov@gmail.com","fname":"Vitaliy","lname":"Kurshinov","sex":"1","birthday":"1982-04-14","settings":null,"invite":"http:\/\/mobipay.ua\/_U4stn","myqr_url":"http:\/\/sit.api.mwallet.mobipay.ua\/qr.php?wl=mobipay&type=myqr&data=111111111","photo":"http:\/\/sit.api.mwallet.mobipay.ua\/img\/avatars\/avatar_300.jpg","p2p_tax":"1% + 1 UAH","masterpass":{"url":"","payment_type":"","clientId":"","mno":"","programOwnerName":"","programOwnerNumber":"","programParticipantName":"","programParticipantNumber":"","programSponsorName":"","programSponsorNumber":"","macroMerchantId":""},"dev":true},"hash":"f8538896c6f0e22549e7274ffa4b0603"}
GET: 
[]

POST: 
[]

INPUT POST: 
{"cmd":"start.app","json":{"session":"7e4565bb53b2e93901e3780be1e661de"},"version":"1003","imei":"f3a94495090a11fd","mktime":1485412353017,"lang":"ru","os":"android","wl":"mobipay","vermob":"2.0.0.2522","hash":"6d601cfb948d3805e3129e03400f8b55"}

VARR: 
{"cmd":"start.app","json":{"session":"7e4565bb53b2e93901e3780be1e661de"},"version":"1003","imei":"f3a94495090a11fd","mktime":1485412353017,"lang":"ru","os":"android","wl":"mobipay","vermob":"2.0.0.2522","hash":"6d601cfb948d3805e3129e03400f8b55"}
*************************************************************************************

SEND*********************************************************************************
Time:            08:31:24
IP:              62.80.169.66
Method:          POST
REQUEST:         api/lwl/app.php
REFERER:         
SCRIPT_FILENAME: /opt/mwallet/vkdit/mobipay.ua/sites/sit.api.mwallet/api/lwl/app.php
Code:            1
Desc:            {"version":1003,"imei":"f3a94495090a11fd","mktime":"148541228402780","cmd":"send.key.push","json":{"success":true},"hash":"11ad4612ba45e7af149aafb5084beb57"}
GET: 
[]

POST: 
[]

INPUT POST: 
{"cmd":"send.key.push","json":{"session":"1015f762cc3f35332e70b76ddfbb6e07","pushkey":"APA91bFszg4ciB4qtn1MGm62JxHPacyb3NY32nV8vas_dqHpKMp7lfkXbtmTPceKEogMU8sVX5AFxGGl_dQyOjKJAXkN5h_vYg1kowPNLSxCXMeUsaZC15ZOGVHCLhul8O4h9ss8FxQv","os":"Android"},"version":"1003","imei":"f3a94495090a11fd","mktime":1485412353074,"lang":"ru","os":"android","wl":"mobipay","vermob":"2.0.0.2522","hash":"383c8b599b6e9a04eb825af69be5cfed"}

VARR: 
{"cmd":"send.key.push","json":{"session":"1015f762cc3f35332e70b76ddfbb6e07","pushkey":"APA91bFszg4ciB4qtn1MGm62JxHPacyb3NY32nV8vas_dqHpKMp7lfkXbtmTPceKEogMU8sVX5AFxGGl_dQyOjKJAXkN5h_vYg1kowPNLSxCXMeUsaZC15ZOGVHCLhul8O4h9ss8FxQv","os":"Android"},"version":"1003","imei":"f3a94495090a11fd","mktime":1485412353074,"lang":"ru","os":"android","wl":"mobipay","vermob":"2.0.0.2522","hash":"383c8b599b6e9a04eb825af69be5cfed"}
*************************************************************************************

SEND*********************************************************************************
Time:            08:31:24
IP:              62.80.169.66
Method:          POST
REQUEST:         api/lwl/app.php
REFERER:         
SCRIPT_FILENAME: /opt/mwallet/vkdit/mobipay.ua/sites/sit.api.mwallet/api/lwl/app.php
Code:            1
Desc:            {"version":1003,"imei":"f3a94495090a11fd","mktime":"148541228471115","cmd":"my.balance","json":{"balance":99402500,"currency":"BON","mark":"BON","mobile":"380980818305"},"hash":"97e439a120243215871330dd200bf23e"}
GET: 
[]

POST: 
[]

INPUT POST: 
{"cmd":"my.balance","json":{"paysys":"1","session":"1015f762cc3f35332e70b76ddfbb6e07","currency":"BON"},"version":"1003","imei":"f3a94495090a11fd","mktime":1485412353470,"lang":"ru","os":"android","wl":"mobipay","vermob":"2.0.0.2522","hash":"3beea0b014bb16f127bb0cba623d498b"}

VARR: 
{"cmd":"my.balance","json":{"paysys":"1","session":"1015f762cc3f35332e70b76ddfbb6e07","currency":"BON"},"version":"1003","imei":"f3a94495090a11fd","mktime":1485412353470,"lang":"ru","os":"android","wl":"mobipay","vermob":"2.0.0.2522","hash":"3beea0b014bb16f127bb0cba623d498b"}
*************************************************************************************

SEND*********************************************************************************
Time:            08:31:24
IP:              62.80.169.66
Method:          POST
REQUEST:         api/lwl/app.php
REFERER:         
SCRIPT_FILENAME: /opt/mwallet/vkdit/mobipay.ua/sites/sit.api.mwallet/api/lwl/app.php
Code:            1
Desc:            {"version":1003,"imei":"f3a94495090a11fd","mktime":"148541228475827","cmd":"my.balance","json":{"balance":77100,"currency":"EUR","mark":"EUR","mobile":"380980818305"},"hash":"302a3529fa4aff0a70884a8235d3afec"}
GET: 
[]

POST: 
[]

INPUT POST: 
{"cmd":"my.balance","json":{"paysys":1,"session":"1015f762cc3f35332e70b76ddfbb6e07","currency":"EUR"},"version":"1003","imei":"f3a94495090a11fd","mktime":1485412353499,"lang":"ru","os":"android","wl":"mobipay","vermob":"2.0.0.2522","hash":"b8e37ac9bfe9606776eccc239bfa6f7d"}

VARR: 
{"cmd":"my.balance","json":{"paysys":1,"session":"1015f762cc3f35332e70b76ddfbb6e07","currency":"EUR"},"version":"1003","imei":"f3a94495090a11fd","mktime":1485412353499,"lang":"ru","os":"android","wl":"mobipay","vermob":"2.0.0.2522","hash":"b8e37ac9bfe9606776eccc239bfa6f7d"}
*************************************************************************************

SEND*********************************************************************************
Time:            08:31:31
IP:              62.80.169.66
Method:          POST
REQUEST:         api/lwl/app.php
REFERER:         
SCRIPT_FILENAME: /opt/mwallet/vkdit/mobipay.ua/sites/sit.api.mwallet/api/lwl/app.php
Code:            1
Desc:            {"version":1003,"imei":"f3a94495090a11fd","mktime":"148541229162766","cmd":"send.otp","json":{"otphash":"6f3102f5c3832ec1e35f088dbe4a212a","history":true,"info":true},"hash":"9809b93deb57a83d7574a46663c3f05c"}
GET: 
[]

POST: 
[]

INPUT POST: 
{"cmd":"send.otp","json":{"session":"1015f762cc3f35332e70b76ddfbb6e07","otp":"047362"},"version":"1003","imei":"f3a94495090a11fd","mktime":1485412360672,"lang":"ru","os":"android","wl":"mobipay","vermob":"2.0.0.2522","hash":"e009dce0eb0f0b7f603b43c3adde2996"}

VARR: 
{"cmd":"send.otp","json":{"session":"1015f762cc3f35332e70b76ddfbb6e07","otp":"047362"},"version":"1003","imei":"f3a94495090a11fd","mktime":1485412360672,"lang":"ru","os":"android","wl":"mobipay","vermob":"2.0.0.2522","hash":"e009dce0eb0f0b7f603b43c3adde2996"}
*************************************************************************************

SEND*********************************************************************************
Time:            08:31:32
IP:              62.80.169.66
Method:          POST
REQUEST:         api/lwl/app.php
REFERER:         
SCRIPT_FILENAME: /opt/mwallet/vkdit/mobipay.ua/sites/sit.api.mwallet/api/lwl/app.php
Code:            1
Desc:            {"version":1003,"imei":"f3a94495090a11fd","mktime":"148541229278925","cmd":"wp.access","json":{"success":true},"hash":"0886d4b2a49c7ab825e8986d3f724775"}
GET: 
[]

POST: 
[]

INPUT POST: 
{"cmd":"wp.access","json":{"session":"1015f762cc3f35332e70b76ddfbb6e07","otphash":"6f3102f5c3832ec1e35f088dbe4a212a"},"version":"1003","imei":"f3a94495090a11fd","mktime":1485412361837,"lang":"ru","os":"android","wl":"mobipay","vermob":"2.0.0.2522","hash":"97502a2c258dda2a7e89120b221dc9ed"}

VARR: 
{"cmd":"wp.access","json":{"session":"1015f762cc3f35332e70b76ddfbb6e07","otphash":"6f3102f5c3832ec1e35f088dbe4a212a"},"version":"1003","imei":"f3a94495090a11fd","mktime":1485412361837,"lang":"ru","os":"android","wl":"mobipay","vermob":"2.0.0.2522","hash":"97502a2c258dda2a7e89120b221dc9ed"}
*************************************************************************************

